{
  "0 debug pnpm:scope": {
    "selected": 1
  },
  "1 debug pnpm:package-manifest": {
    "initial": {},
    "prefix": "/home/workspace/sample-project"
  },
  "2 debug pnpm:context": {
    "currentLockfileExists": false,
    "storeDir": "/home/workspace/.pnpm-store/v3",
    "virtualStoreDir": "/home/workspace/sample-project/node_modules/.pnpm"
  },
  "3 debug pnpm:stage": {
    "prefix": "/home/workspace/sample-project",
    "stage": "resolution_started"
  },
  "4 error pnpm": {
    "code": "ERR_PNPM_SPEC_NOT_SUPPORTED_BY_ANY_RESOLVER",
    "pkgsStack": [],
    "err": {
      "name": "pnpm",
      "message": "__save isn't supported by any available resolver.",
      "code": "ERR_PNPM_SPEC_NOT_SUPPORTED_BY_ANY_RESOLVER",
      "stack": "pnpm: __save isn't supported by any available resolver.\n    at Object.resolve (/usr/local/lib/node_modules/pnpm/dist/pnpm.cjs:86225:17)\n    at async run (/usr/local/lib/node_modules/pnpm/dist/pnpm.cjs:74299:23)"
    }
  }
}